2025-04-04 12:57:41,840 INFO o.a.j.u.JMeterUtils: Setting Locale to en_EN
2025-04-04 12:57:41,854 INFO o.a.j.JMeter: Loading user properties from: C:\apache-jmeter-5.5\bin\user.properties
2025-04-04 12:57:41,854 INFO o.a.j.JMeter: Loading system properties from: C:\apache-jmeter-5.5\bin\system.properties
2025-04-04 12:57:41,859 INFO o.a.j.JMeter: Copyright (c) 1998-2022 The Apache Software Foundation
2025-04-04 12:57:41,859 INFO o.a.j.JMeter: Version 5.5
2025-04-04 12:57:41,859 INFO o.a.j.JMeter: java.version=17.0.7
2025-04-04 12:57:41,859 INFO o.a.j.JMeter: java.vm.name=Java HotSpot(TM) 64-Bit Server VM
2025-04-04 12:57:41,859 INFO o.a.j.JMeter: os.name=Windows 11
2025-04-04 12:57:41,859 INFO o.a.j.JMeter: os.arch=amd64
2025-04-04 12:57:41,859 INFO o.a.j.JMeter: os.version=10.0
2025-04-04 12:57:41,859 INFO o.a.j.JMeter: file.encoding=Cp1252
2025-04-04 12:57:41,859 INFO o.a.j.JMeter: java.awt.headless=null
2025-04-04 12:57:41,859 INFO o.a.j.JMeter: Max memory     =1073741824
2025-04-04 12:57:41,859 INFO o.a.j.JMeter: Available Processors =8
2025-04-04 12:57:41,866 INFO o.a.j.JMeter: Default Locale=English (EN)
2025-04-04 12:57:41,866 INFO o.a.j.JMeter: JMeter  Locale=English (EN)
2025-04-04 12:57:41,866 INFO o.a.j.JMeter: JMeterHome=C:\apache-jmeter-5.5
2025-04-04 12:57:41,866 INFO o.a.j.JMeter: user.dir  =C:\Users\Cokke\Desktop\Test JAVA\apiCreaUsuarios
2025-04-04 12:57:41,866 INFO o.a.j.JMeter: PWD       =C:\Users\Cokke\Desktop\Test JAVA\apiCreaUsuarios
2025-04-04 12:57:41,870 INFO o.a.j.JMeter: IP: 192.168.16.60 Name: LAPTOP-OP73EIC1 FullName: LAPTOP-OP73EIC1
2025-04-04 12:57:41,877 INFO o.a.j.JMeter: Loaded icon properties from org/apache/jmeter/images/icon.properties
2025-04-04 12:57:41,996 INFO o.a.j.JMeterGuiLauncher: Setting LAF to: com.github.weisj.darklaf.DarkLaf:com.github.weisj.darklaf.theme.DarculaTheme
2025-04-04 12:57:52,136 INFO o.a.j.s.FileServer: Default base='C:\Users\Cokke\Desktop\Test JAVA\apiCreaUsuarios'
2025-04-04 12:57:52,137 INFO o.a.j.g.a.Load: Loading file: C:\Users\Cokke\Desktop\Test JAVA\apiCreaUsuarios\src\test_externos\test_jmeter.jmx
2025-04-04 12:57:52,138 INFO o.a.j.s.FileServer: Set new base='C:\Users\Cokke\Desktop\Test JAVA\apiCreaUsuarios\src\test_externos'
2025-04-04 12:57:52,241 INFO o.a.j.s.SaveService: Testplan (JMX) version: 2.2. Testlog (JTL) version: 2.2
2025-04-04 12:57:52,259 INFO o.a.j.s.SaveService: Using SaveService properties version 5.0
2025-04-04 12:57:52,261 INFO o.a.j.s.SaveService: Using SaveService properties file encoding UTF-8
2025-04-04 12:57:52,262 INFO o.a.j.s.SaveService: Loading file: C:\Users\Cokke\Desktop\Test JAVA\apiCreaUsuarios\src\test_externos\test_jmeter.jmx
2025-04-04 12:57:52,278 INFO o.a.j.p.h.s.HTTPSamplerBase: Parser for text/html is org.apache.jmeter.protocol.http.parser.LagartoBasedHtmlParser
2025-04-04 12:57:52,278 INFO o.a.j.p.h.s.HTTPSamplerBase: Parser for application/xhtml+xml is org.apache.jmeter.protocol.http.parser.LagartoBasedHtmlParser
2025-04-04 12:57:52,278 INFO o.a.j.p.h.s.HTTPSamplerBase: Parser for application/xml is org.apache.jmeter.protocol.http.parser.LagartoBasedHtmlParser
2025-04-04 12:57:52,278 INFO o.a.j.p.h.s.HTTPSamplerBase: Parser for text/xml is org.apache.jmeter.protocol.http.parser.LagartoBasedHtmlParser
2025-04-04 12:57:52,278 INFO o.a.j.p.h.s.HTTPSamplerBase: Parser for text/vnd.wap.wml is org.apache.jmeter.protocol.http.parser.RegexpHTMLParser
2025-04-04 12:57:52,278 INFO o.a.j.p.h.s.HTTPSamplerBase: Parser for text/css is org.apache.jmeter.protocol.http.parser.CssParser
2025-04-04 12:57:52,381 INFO o.a.j.s.SampleResult: Note: Sample TimeStamps are START times
2025-04-04 12:57:52,381 INFO o.a.j.s.SampleResult: sampleresult.default.encoding is set to ISO-8859-1
2025-04-04 12:57:52,382 INFO o.a.j.s.SampleResult: sampleresult.useNanoTime=true
2025-04-04 12:57:52,382 INFO o.a.j.s.SampleResult: sampleresult.nanoThreadSleep=5000
2025-04-04 12:57:52,472 INFO o.a.j.v.ViewResultsFullVisualizer: Add JavaFX to your Java installation if you want to use renderer: org.apache.jmeter.visualizers.RenderInBrowser
2025-04-04 12:57:52,525 INFO o.a.j.s.FileServer: Set new base='C:\Users\Cokke\Desktop\Test JAVA\apiCreaUsuarios\src\test_externos'
2025-04-04 12:57:55,360 INFO o.a.j.e.StandardJMeterEngine: Running the test!
2025-04-04 12:57:55,361 INFO o.a.j.s.SampleEvent: List of sample_variables: []
2025-04-04 12:57:55,361 INFO o.a.j.s.SampleEvent: List of sample_variables: []
2025-04-04 12:57:55,361 INFO o.a.j.e.u.CompoundVariable: Note: Function class names must contain the string: '.functions.'
2025-04-04 12:57:55,361 INFO o.a.j.e.u.CompoundVariable: Note: Function class names must not contain the string: '.gui.'
2025-04-04 12:57:55,388 INFO o.a.j.g.u.JMeterMenuBar: setRunning(true, *local*)
2025-04-04 12:57:55,409 INFO o.a.j.e.StandardJMeterEngine: Starting ThreadGroup: 1 : Thread Group
2025-04-04 12:57:55,409 INFO o.a.j.e.StandardJMeterEngine: Starting 10 threads for group Thread Group.
2025-04-04 12:57:55,409 INFO o.a.j.e.StandardJMeterEngine: Thread will continue on error
2025-04-04 12:57:55,409 INFO o.a.j.t.ThreadGroup: Starting thread group... number=1 threads=10 ramp-up=1 delayedStart=false
2025-04-04 12:57:55,412 INFO o.a.j.t.JMeterThread: Thread started: Thread Group 1-1
2025-04-04 12:57:55,414 INFO o.a.j.t.ThreadGroup: Started thread group number 1
2025-04-04 12:57:55,414 INFO o.a.j.e.StandardJMeterEngine: All thread groups have been started
2025-04-04 12:57:55,424 INFO o.a.j.p.h.s.HTTPHCAbstractImpl: Local host = LAPTOP-OP73EIC1
2025-04-04 12:57:55,434 INFO o.a.j.p.h.s.HTTPHC4Impl: HTTP request retry count = 0
2025-04-04 12:57:55,509 INFO o.a.j.t.JMeterThread: Thread started: Thread Group 1-2
2025-04-04 12:57:55,610 INFO o.a.j.t.JMeterThread: Thread started: Thread Group 1-3
2025-04-04 12:57:55,712 INFO o.a.j.t.JMeterThread: Thread started: Thread Group 1-4
2025-04-04 12:57:55,810 INFO o.a.j.t.JMeterThread: Thread started: Thread Group 1-5
2025-04-04 12:57:55,895 INFO o.a.j.t.JMeterThread: Thread is done: Thread Group 1-5
2025-04-04 12:57:55,895 INFO o.a.j.t.JMeterThread: Thread finished: Thread Group 1-5
2025-04-04 12:57:55,905 INFO o.a.j.t.JMeterThread: Thread is done: Thread Group 1-3
2025-04-04 12:57:55,905 INFO o.a.j.t.JMeterThread: Thread finished: Thread Group 1-3
2025-04-04 12:57:55,910 INFO o.a.j.t.JMeterThread: Thread is done: Thread Group 1-4
2025-04-04 12:57:55,911 INFO o.a.j.t.JMeterThread: Thread finished: Thread Group 1-4
2025-04-04 12:57:55,911 INFO o.a.j.t.JMeterThread: Thread started: Thread Group 1-6
2025-04-04 12:57:55,922 INFO o.a.j.t.JMeterThread: Thread is done: Thread Group 1-1
2025-04-04 12:57:55,922 INFO o.a.j.t.JMeterThread: Thread finished: Thread Group 1-1
2025-04-04 12:57:55,937 INFO o.a.j.t.JMeterThread: Thread is done: Thread Group 1-6
2025-04-04 12:57:55,937 INFO o.a.j.t.JMeterThread: Thread finished: Thread Group 1-6
2025-04-04 12:57:55,939 INFO o.a.j.t.JMeterThread: Thread is done: Thread Group 1-2
2025-04-04 12:57:55,939 INFO o.a.j.t.JMeterThread: Thread finished: Thread Group 1-2
2025-04-04 12:57:56,011 INFO o.a.j.t.JMeterThread: Thread started: Thread Group 1-7
2025-04-04 12:57:56,024 INFO o.a.j.t.JMeterThread: Thread is done: Thread Group 1-7
2025-04-04 12:57:56,024 INFO o.a.j.t.JMeterThread: Thread finished: Thread Group 1-7
2025-04-04 12:57:56,112 INFO o.a.j.t.JMeterThread: Thread started: Thread Group 1-8
2025-04-04 12:57:56,127 INFO o.a.j.t.JMeterThread: Thread is done: Thread Group 1-8
2025-04-04 12:57:56,127 INFO o.a.j.t.JMeterThread: Thread finished: Thread Group 1-8
2025-04-04 12:57:56,211 INFO o.a.j.t.JMeterThread: Thread started: Thread Group 1-9
2025-04-04 12:57:56,238 INFO o.a.j.t.JMeterThread: Thread is done: Thread Group 1-9
2025-04-04 12:57:56,238 INFO o.a.j.t.JMeterThread: Thread finished: Thread Group 1-9
2025-04-04 12:57:56,310 INFO o.a.j.t.JMeterThread: Thread started: Thread Group 1-10
2025-04-04 12:57:56,325 INFO o.a.j.t.JMeterThread: Thread is done: Thread Group 1-10
2025-04-04 12:57:56,325 INFO o.a.j.t.JMeterThread: Thread finished: Thread Group 1-10
2025-04-04 12:57:56,325 INFO o.a.j.e.StandardJMeterEngine: Notifying test listeners of end of test
2025-04-04 12:57:56,325 INFO o.a.j.g.u.JMeterMenuBar: setRunning(false, *local*)
2025-04-04 13:47:43,374 INFO o.a.j.e.StandardJMeterEngine: Running the test!
2025-04-04 13:47:43,375 INFO o.a.j.s.SampleEvent: List of sample_variables: []
2025-04-04 13:47:43,375 INFO o.a.j.g.u.JMeterMenuBar: setRunning(true, *local*)
2025-04-04 13:47:43,378 INFO o.a.j.e.StandardJMeterEngine: Starting ThreadGroup: 1 : Thread Group
2025-04-04 13:47:43,378 INFO o.a.j.e.StandardJMeterEngine: Starting 10 threads for group Thread Group.
2025-04-04 13:47:43,378 INFO o.a.j.e.StandardJMeterEngine: Thread will continue on error
2025-04-04 13:47:43,378 INFO o.a.j.t.ThreadGroup: Starting thread group... number=1 threads=10 ramp-up=1 delayedStart=false
2025-04-04 13:47:43,378 INFO o.a.j.t.JMeterThread: Thread started: Thread Group 1-1
2025-04-04 13:47:43,380 INFO o.a.j.t.ThreadGroup: Started thread group number 1
2025-04-04 13:47:43,380 INFO o.a.j.e.StandardJMeterEngine: All thread groups have been started
2025-04-04 13:47:43,399 INFO o.a.j.t.JMeterThread: Thread is done: Thread Group 1-1
2025-04-04 13:47:43,399 INFO o.a.j.t.JMeterThread: Thread finished: Thread Group 1-1
2025-04-04 13:47:43,489 INFO o.a.j.t.JMeterThread: Thread started: Thread Group 1-2
2025-04-04 13:47:43,501 INFO o.a.j.t.JMeterThread: Thread is done: Thread Group 1-2
2025-04-04 13:47:43,501 INFO o.a.j.t.JMeterThread: Thread finished: Thread Group 1-2
2025-04-04 13:47:43,582 INFO o.a.j.t.JMeterThread: Thread started: Thread Group 1-3
2025-04-04 13:47:43,594 INFO o.a.j.t.JMeterThread: Thread is done: Thread Group 1-3
2025-04-04 13:47:43,594 INFO o.a.j.t.JMeterThread: Thread finished: Thread Group 1-3
2025-04-04 13:47:43,678 INFO o.a.j.t.JMeterThread: Thread started: Thread Group 1-4
2025-04-04 13:47:43,688 INFO o.a.j.t.JMeterThread: Thread is done: Thread Group 1-4
2025-04-04 13:47:43,688 INFO o.a.j.t.JMeterThread: Thread finished: Thread Group 1-4
2025-04-04 13:47:43,779 INFO o.a.j.t.JMeterThread: Thread started: Thread Group 1-5
2025-04-04 13:47:43,789 INFO o.a.j.t.JMeterThread: Thread is done: Thread Group 1-5
2025-04-04 13:47:43,789 INFO o.a.j.t.JMeterThread: Thread finished: Thread Group 1-5
2025-04-04 13:47:43,880 INFO o.a.j.t.JMeterThread: Thread started: Thread Group 1-6
2025-04-04 13:47:43,890 INFO o.a.j.t.JMeterThread: Thread is done: Thread Group 1-6
2025-04-04 13:47:43,890 INFO o.a.j.t.JMeterThread: Thread finished: Thread Group 1-6
2025-04-04 13:47:43,979 INFO o.a.j.t.JMeterThread: Thread started: Thread Group 1-7
2025-04-04 13:47:43,989 INFO o.a.j.t.JMeterThread: Thread is done: Thread Group 1-7
2025-04-04 13:47:43,989 INFO o.a.j.t.JMeterThread: Thread finished: Thread Group 1-7
2025-04-04 13:47:44,079 INFO o.a.j.t.JMeterThread: Thread started: Thread Group 1-8
2025-04-04 13:47:44,089 INFO o.a.j.t.JMeterThread: Thread is done: Thread Group 1-8
2025-04-04 13:47:44,090 INFO o.a.j.t.JMeterThread: Thread finished: Thread Group 1-8
2025-04-04 13:47:44,180 INFO o.a.j.t.JMeterThread: Thread started: Thread Group 1-9
2025-04-04 13:47:44,194 INFO o.a.j.t.JMeterThread: Thread is done: Thread Group 1-9
2025-04-04 13:47:44,194 INFO o.a.j.t.JMeterThread: Thread finished: Thread Group 1-9
2025-04-04 13:47:44,278 INFO o.a.j.t.JMeterThread: Thread started: Thread Group 1-10
2025-04-04 13:47:44,288 INFO o.a.j.t.JMeterThread: Thread is done: Thread Group 1-10
2025-04-04 13:47:44,288 INFO o.a.j.t.JMeterThread: Thread finished: Thread Group 1-10
2025-04-04 13:47:44,288 INFO o.a.j.e.StandardJMeterEngine: Notifying test listeners of end of test
2025-04-04 13:47:44,289 INFO o.a.j.g.u.JMeterMenuBar: setRunning(false, *local*)
2025-04-04 13:49:13,352 INFO o.a.j.e.StandardJMeterEngine: Running the test!
2025-04-04 13:49:13,353 INFO o.a.j.s.SampleEvent: List of sample_variables: []
2025-04-04 13:49:13,353 INFO o.a.j.g.u.JMeterMenuBar: setRunning(true, *local*)
2025-04-04 13:49:13,391 INFO o.a.j.e.StandardJMeterEngine: Starting ThreadGroup: 1 : Thread Group
2025-04-04 13:49:13,391 INFO o.a.j.e.StandardJMeterEngine: Starting 10 threads for group Thread Group.
2025-04-04 13:49:13,391 INFO o.a.j.e.StandardJMeterEngine: Thread will continue on error
2025-04-04 13:49:13,391 INFO o.a.j.t.ThreadGroup: Starting thread group... number=1 threads=10 ramp-up=1 delayedStart=false
2025-04-04 13:49:13,392 INFO o.a.j.t.JMeterThread: Thread started: Thread Group 1-1
2025-04-04 13:49:13,393 INFO o.a.j.t.ThreadGroup: Started thread group number 1
2025-04-04 13:49:13,393 INFO o.a.j.e.StandardJMeterEngine: All thread groups have been started
2025-04-04 13:49:13,500 INFO o.a.j.t.JMeterThread: Thread started: Thread Group 1-2
2025-04-04 13:49:13,607 INFO o.a.j.t.JMeterThread: Thread started: Thread Group 1-3
2025-04-04 13:49:13,691 INFO o.a.j.t.JMeterThread: Thread is done: Thread Group 1-3
2025-04-04 13:49:13,691 INFO o.a.j.t.JMeterThread: Thread finished: Thread Group 1-3
2025-04-04 13:49:13,692 INFO o.a.j.t.JMeterThread: Thread started: Thread Group 1-4
2025-04-04 13:49:13,693 INFO o.a.j.t.JMeterThread: Thread is done: Thread Group 1-1
2025-04-04 13:49:13,693 INFO o.a.j.t.JMeterThread: Thread is done: Thread Group 1-2
2025-04-04 13:49:13,693 INFO o.a.j.t.JMeterThread: Thread finished: Thread Group 1-1
2025-04-04 13:49:13,693 INFO o.a.j.t.JMeterThread: Thread finished: Thread Group 1-2
2025-04-04 13:49:13,705 INFO o.a.j.t.JMeterThread: Thread is done: Thread Group 1-4
2025-04-04 13:49:13,705 INFO o.a.j.t.JMeterThread: Thread finished: Thread Group 1-4
2025-04-04 13:49:13,792 INFO o.a.j.t.JMeterThread: Thread started: Thread Group 1-5
2025-04-04 13:49:13,807 INFO o.a.j.t.JMeterThread: Thread is done: Thread Group 1-5
2025-04-04 13:49:13,808 INFO o.a.j.t.JMeterThread: Thread finished: Thread Group 1-5
2025-04-04 13:49:13,893 INFO o.a.j.t.JMeterThread: Thread started: Thread Group 1-6
2025-04-04 13:49:13,906 INFO o.a.j.t.JMeterThread: Thread is done: Thread Group 1-6
2025-04-04 13:49:13,906 INFO o.a.j.t.JMeterThread: Thread finished: Thread Group 1-6
2025-04-04 13:49:13,993 INFO o.a.j.t.JMeterThread: Thread started: Thread Group 1-7
2025-04-04 13:49:14,005 INFO o.a.j.t.JMeterThread: Thread is done: Thread Group 1-7
2025-04-04 13:49:14,005 INFO o.a.j.t.JMeterThread: Thread finished: Thread Group 1-7
2025-04-04 13:49:14,093 INFO o.a.j.t.JMeterThread: Thread started: Thread Group 1-8
2025-04-04 13:49:14,108 INFO o.a.j.t.JMeterThread: Thread is done: Thread Group 1-8
2025-04-04 13:49:14,108 INFO o.a.j.t.JMeterThread: Thread finished: Thread Group 1-8
2025-04-04 13:49:14,193 INFO o.a.j.t.JMeterThread: Thread started: Thread Group 1-9
2025-04-04 13:49:14,207 INFO o.a.j.t.JMeterThread: Thread is done: Thread Group 1-9
2025-04-04 13:49:14,207 INFO o.a.j.t.JMeterThread: Thread finished: Thread Group 1-9
2025-04-04 13:49:14,293 INFO o.a.j.t.JMeterThread: Thread started: Thread Group 1-10
2025-04-04 13:49:14,304 INFO o.a.j.t.JMeterThread: Thread is done: Thread Group 1-10
2025-04-04 13:49:14,304 INFO o.a.j.t.JMeterThread: Thread finished: Thread Group 1-10
2025-04-04 13:49:14,305 INFO o.a.j.e.StandardJMeterEngine: Notifying test listeners of end of test
2025-04-04 13:49:14,305 INFO o.a.j.g.u.JMeterMenuBar: setRunning(false, *local*)
2025-04-04 14:15:53,755 INFO o.a.j.e.StandardJMeterEngine: Running the test!
2025-04-04 14:15:53,756 INFO o.a.j.s.SampleEvent: List of sample_variables: []
2025-04-04 14:15:53,756 INFO o.a.j.g.u.JMeterMenuBar: setRunning(true, *local*)
2025-04-04 14:15:53,775 INFO o.a.j.e.StandardJMeterEngine: Starting ThreadGroup: 1 : Thread Group
2025-04-04 14:15:53,776 INFO o.a.j.e.StandardJMeterEngine: Starting 10 threads for group Thread Group.
2025-04-04 14:15:53,776 INFO o.a.j.e.StandardJMeterEngine: Thread will continue on error
2025-04-04 14:15:53,776 INFO o.a.j.t.ThreadGroup: Starting thread group... number=1 threads=10 ramp-up=1 delayedStart=false
2025-04-04 14:15:53,776 INFO o.a.j.t.JMeterThread: Thread started: Thread Group 1-1
2025-04-04 14:15:53,778 INFO o.a.j.t.ThreadGroup: Started thread group number 1
2025-04-04 14:15:53,778 INFO o.a.j.e.StandardJMeterEngine: All thread groups have been started
2025-04-04 14:15:53,801 INFO o.a.j.t.JMeterThread: Thread is done: Thread Group 1-1
2025-04-04 14:15:53,801 INFO o.a.j.t.JMeterThread: Thread finished: Thread Group 1-1
2025-04-04 14:15:53,891 INFO o.a.j.t.JMeterThread: Thread started: Thread Group 1-2
2025-04-04 14:15:53,912 INFO o.a.j.t.JMeterThread: Thread is done: Thread Group 1-2
2025-04-04 14:15:53,914 INFO o.a.j.t.JMeterThread: Thread finished: Thread Group 1-2
2025-04-04 14:15:53,986 INFO o.a.j.t.JMeterThread: Thread started: Thread Group 1-3
2025-04-04 14:15:53,996 INFO o.a.j.t.JMeterThread: Thread is done: Thread Group 1-3
2025-04-04 14:15:53,997 INFO o.a.j.t.JMeterThread: Thread finished: Thread Group 1-3
2025-04-04 14:15:54,079 INFO o.a.j.t.JMeterThread: Thread started: Thread Group 1-4
2025-04-04 14:15:54,090 INFO o.a.j.t.JMeterThread: Thread is done: Thread Group 1-4
2025-04-04 14:15:54,090 INFO o.a.j.t.JMeterThread: Thread finished: Thread Group 1-4
2025-04-04 14:15:54,187 INFO o.a.j.t.JMeterThread: Thread started: Thread Group 1-5
2025-04-04 14:15:54,196 INFO o.a.j.t.JMeterThread: Thread is done: Thread Group 1-5
2025-04-04 14:15:54,196 INFO o.a.j.t.JMeterThread: Thread finished: Thread Group 1-5
2025-04-04 14:15:54,282 INFO o.a.j.t.JMeterThread: Thread started: Thread Group 1-6
2025-04-04 14:15:54,298 INFO o.a.j.t.JMeterThread: Thread is done: Thread Group 1-6
2025-04-04 14:15:54,299 INFO o.a.j.t.JMeterThread: Thread finished: Thread Group 1-6
2025-04-04 14:15:54,392 INFO o.a.j.t.JMeterThread: Thread started: Thread Group 1-7
2025-04-04 14:15:54,402 INFO o.a.j.t.JMeterThread: Thread is done: Thread Group 1-7
2025-04-04 14:15:54,402 INFO o.a.j.t.JMeterThread: Thread finished: Thread Group 1-7
2025-04-04 14:15:54,478 INFO o.a.j.t.JMeterThread: Thread started: Thread Group 1-8
2025-04-04 14:15:54,487 INFO o.a.j.t.JMeterThread: Thread is done: Thread Group 1-8
2025-04-04 14:15:54,487 INFO o.a.j.t.JMeterThread: Thread finished: Thread Group 1-8
2025-04-04 14:15:54,578 INFO o.a.j.t.JMeterThread: Thread started: Thread Group 1-9
2025-04-04 14:15:54,592 INFO o.a.j.t.JMeterThread: Thread is done: Thread Group 1-9
2025-04-04 14:15:54,593 INFO o.a.j.t.JMeterThread: Thread finished: Thread Group 1-9
2025-04-04 14:15:54,678 INFO o.a.j.t.JMeterThread: Thread started: Thread Group 1-10
2025-04-04 14:15:54,690 INFO o.a.j.t.JMeterThread: Thread is done: Thread Group 1-10
2025-04-04 14:15:54,690 INFO o.a.j.t.JMeterThread: Thread finished: Thread Group 1-10
2025-04-04 14:15:54,690 INFO o.a.j.e.StandardJMeterEngine: Notifying test listeners of end of test
2025-04-04 14:15:54,690 INFO o.a.j.g.u.JMeterMenuBar: setRunning(false, *local*)
